生成启动时间为 2017/2/16 20:15:54。
     1>项目“E:\Software\Cpp\VisualStudio\OpenCV\Learning_OpenCV\Learning_OpenCV\Learning_OpenCV.vcxproj”在节点 2 上(Build 个目标)。
     1>ClCompile:
         D:\Program Files\Microsoft Visual Studio 12.0\VC\bin\x86_amd64\CL.exe /c /Zi /nologo /W3 /WX- /sdl /O2 /Oi /GL /D WIN32 /D NDEBUG /D _CONSOLE /D _LIB /D _UNICODE /D UNICODE /Gm- /EHsc /MD /GS /Gy /fp:precise /Zc:wchar_t /Zc:forScope /Fo"x64\Release\\" /Fd"x64\Release\vc120.pdb" /Gd /TP /errorReport:prompt main.cpp
         main.cpp
     1>D:\Program Files\OpenCV\opencv31_build\build\include\opencv2/core/mat.hpp(1965): warning C4819: 该文件包含不能在当前代码页(936)中表示的字符。请将该文件保存为 Unicode 格式以防止数据丢失
     1>D:\Program Files\OpenCV\opencv31_build\build\include\opencv2/core/persistence.hpp : warning C4819: 该文件包含不能在当前代码页(936)中表示的字符。请将该文件保存为 Unicode 格式以防止数据丢失
     1>D:\Program Files\OpenCV\opencv31_build\build\include\opencv2/core/utility.hpp : warning C4819: 该文件包含不能在当前代码页(936)中表示的字符。请将该文件保存为 Unicode 格式以防止数据丢失
     1>main.cpp(21): error C2065: “CvSVMParams”: 未声明的标识符
     1>main.cpp(21): error C2146: 语法错误: 缺少“;”(在标识符“params”的前面)
     1>main.cpp(21): error C2065: “params”: 未声明的标识符
     1>main.cpp(22): error C2065: “params”: 未声明的标识符
     1>main.cpp(22): error C2228: “.svm_type”的左边必须有类/结构/联合
                 类型是“unknown-type”
     1>main.cpp(22): error C2653: “CvSVM”: 不是类或命名空间名称
     1>main.cpp(22): error C2065: “C_SVC”: 未声明的标识符
     1>main.cpp(23): error C2065: “params”: 未声明的标识符
     1>main.cpp(23): error C2228: “.kernel_type”的左边必须有类/结构/联合
                 类型是“unknown-type”
     1>main.cpp(23): error C2653: “CvSVM”: 不是类或命名空间名称
     1>main.cpp(23): error C2065: “LINEAR”: 未声明的标识符
     1>main.cpp(24): error C2065: “params”: 未声明的标识符
     1>main.cpp(24): error C2228: “.term_crit”的左边必须有类/结构/联合
                 类型是“unknown-type”
     1>main.cpp(27): error C2065: “CvSVM”: 未声明的标识符
     1>main.cpp(27): error C2146: 语法错误: 缺少“;”(在标识符“SVM”的前面)
     1>main.cpp(27): error C2065: “SVM”: 未声明的标识符
     1>main.cpp(28): error C2065: “SVM”: 未声明的标识符
     1>main.cpp(28): error C2228: “.train”的左边必须有类/结构/联合
                 类型是“unknown-type”
     1>main.cpp(28): error C2065: “params”: 未声明的标识符
     1>main.cpp(36): error C2065: “SVM”: 未声明的标识符
     1>main.cpp(36): error C2228: “.predict”的左边必须有类/结构/联合
                 类型是“unknown-type”
     1>main.cpp(47): error C3861: “circle”:  找不到标识符
     1>main.cpp(48): error C3861: “circle”:  找不到标识符
     1>main.cpp(49): error C3861: “circle”:  找不到标识符
     1>main.cpp(50): error C3861: “circle”:  找不到标识符
     1>main.cpp(55): error C2065: “SVM”: 未声明的标识符
     1>main.cpp(55): error C2228: “.get_support_vector_count”的左边必须有类/结构/联合
                 类型是“unknown-type”
     1>main.cpp(59): error C2065: “SVM”: 未声明的标识符
     1>main.cpp(59): error C2228: “.get_support_vector”的左边必须有类/结构/联合
                 类型是“unknown-type”
     1>main.cpp(60): error C3861: “circle”:  找不到标识符
     1>已完成生成项目“E:\Software\Cpp\VisualStudio\OpenCV\Learning_OpenCV\Learning_OpenCV\Learning_OpenCV.vcxproj”(Build 个目标)的操作 - 失败。

生成失败。

已用时间 00:00:01.08
